SF:lib\core\util\network\network_info.dart
DA:10,1
DA:11,1
DA:12,2
LF:3
LH:3
end_of_record
SF:lib\core\error\failures.dart
DA:9,5
DA:11,3
DA:12,3
LF:3
LH:3
end_of_record
SF:lib\core\usecase\usecase.dart
DA:10,2
DA:11,2
LF:2
LH:2
end_of_record
SF:lib\core\util\gallery_controller\data\datasources\gallery_controller_data_source.dart
DA:15,0
DA:18,0
DA:19,0
DA:20,0
DA:22,0
DA:26,0
DA:28,0
DA:29,0
LF:8
LH:0
end_of_record
SF:lib\core\util\gallery_controller\domain\usecases\get_from_gallery.dart
DA:12,1
DA:14,1
DA:16,3
LF:3
LH:3
end_of_record
SF:lib\core\util\gallery_controller\domain\usecases\params\gallery_controller_params.dart
DA:7,1
DA:9,0
DA:10,0
LF:3
LH:1
end_of_record
SF:lib\features\authentication\data\data_sources\auth_remote_data_source.dart
DA:20,0
DA:23,0
DA:26,0
DA:27,0
DA:28,0
DA:30,0
DA:31,0
DA:36,0
DA:39,0
DA:40,0
DA:41,0
DA:42,0
DA:44,0
DA:45,0
DA:50,0
DA:52,0
DA:55,0
DA:56,0
DA:57,0
DA:58,0
DA:63,0
DA:67,0
DA:70,0
DA:72,0
DA:75,0
DA:76,0
DA:77,0
DA:78,0
DA:80,0
DA:82,0
DA:86,0
DA:87,0
DA:88,0
DA:89,0
DA:90,0
DA:91,0
DA:92,0
DA:93,0
DA:94,0
DA:95,0
DA:96,0
DA:97,0
DA:99,0
LF:43
LH:0
end_of_record
SF:lib\features\authentication\data\models\sign_in_model.dart
DA:4,2
LF:1
LH:1
end_of_record
SF:lib\features\authentication\data\models\sign_up_model.dart
DA:4,4
DA:10,1
DA:11,1
DA:12,1
DA:13,1
DA:14,1
DA:18,1
DA:19,4
LF:8
LH:8
end_of_record
SF:lib\features\authentication\domain\entities\first_page_entity.dart
DA:7,9
DA:9,0
DA:10,0
LF:3
LH:1
end_of_record
SF:lib\features\authentication\domain\entities\sign_in_entity.dart
DA:7,4
DA:9,1
DA:10,3
LF:3
LH:3
end_of_record
SF:lib\features\authentication\domain\entities\sign_up_entity.dart
DA:10,5
DA:12,2
DA:13,10
LF:3
LH:3
end_of_record
SF:lib\features\authentication\domain\usecases\check_verification_usecase.dart
DA:13,1
DA:15,1
DA:17,3
LF:3
LH:3
end_of_record
SF:lib\features\authentication\domain\usecases\first_page_usecase.dart
DA:11,1
DA:13,1
DA:15,2
LF:3
LH:3
end_of_record
SF:lib\features\authentication\domain\usecases\google_auth_usecase.dart
DA:11,1
DA:13,1
DA:15,2
LF:3
LH:3
end_of_record
SF:lib\features\authentication\domain\usecases\logout_usecase.dart
DA:10,1
DA:12,1
DA:14,2
LF:3
LH:3
end_of_record
SF:lib\features\authentication\domain\usecases\params\check_verification_params.dart
DA:8,1
DA:10,0
DA:11,0
LF:3
LH:1
end_of_record
SF:lib\features\authentication\domain\usecases\params\sign_in_params.dart
DA:8,3
DA:10,1
DA:11,2
LF:3
LH:3
end_of_record
SF:lib\features\authentication\domain\usecases\params\sign_up_params.dart
DA:8,1
DA:10,0
DA:11,0
LF:3
LH:1
end_of_record
SF:lib\features\authentication\domain\usecases\sign_in_usecase.dart
DA:12,1
DA:14,1
DA:16,3
LF:3
LH:3
end_of_record
SF:lib\features\authentication\domain\usecases\sign_up_usecase.dart
DA:12,1
DA:14,1
DA:16,3
LF:3
LH:3
end_of_record
SF:lib\features\authentication\domain\usecases\verifiy_email_usecase.dart
DA:10,1
DA:12,1
DA:14,2
LF:3
LH:3
end_of_record
SF:lib\features\food_preferences\data\datasources\local\local_food_preferences_data_source.dart
DA:15,1
DA:17,1
DA:19,1
DA:20,2
DA:23,1
DA:26,2
DA:27,1
LF:7
LH:7
end_of_record
SF:lib\features\food_preferences\data\datasources\remote\remote_food_preference_data_source.dart
DA:17,0
DA:18,0
DA:19,0
DA:20,0
DA:21,0
DA:22,0
DA:23,0
DA:26,0
DA:28,0
DA:31,0
DA:34,0
DA:35,0
LF:12
LH:0
end_of_record
SF:lib\features\food_preferences\data\models\food_preferences_model.dart
DA:7,6
DA:17,4
DA:18,4
DA:19,4
DA:20,4
DA:21,4
DA:22,4
DA:23,4
DA:24,4
DA:25,4
DA:28,1
DA:29,1
DA:30,1
DA:31,1
DA:32,1
DA:33,1
DA:34,1
DA:35,1
DA:36,1
DA:40,0
DA:49,0
DA:50,0
DA:51,0
DA:52,0
DA:53,0
DA:54,0
DA:55,0
DA:56,0
DA:59,2
DA:61,2
DA:62,2
DA:63,2
DA:64,2
DA:65,2
DA:66,2
DA:67,2
DA:68,2
DA:72,2
DA:73,4
DA:74,4
DA:75,4
DA:76,4
DA:77,4
DA:78,4
DA:79,4
LF:45
LH:36
end_of_record
SF:lib\features\food_preferences\domain\entities\food_preferences_entity.dart
DA:12,8
DA:21,3
DA:22,3
DA:23,3
DA:24,3
DA:25,3
DA:26,3
DA:27,3
DA:28,3
DA:29,3
LF:10
LH:10
end_of_record
SF:lib\features\food_preferences\domain\usecases\get_food_preferences_usecase.dart
DA:10,1
DA:12,1
DA:14,2
LF:3
LH:3
end_of_record
SF:lib\features\food_preferences\domain\usecases\params\food_preferences_params.dart
DA:7,2
DA:9,1
DA:10,2
LF:3
LH:3
end_of_record
SF:lib\features\food_preferences\domain\usecases\update_food_preferences.dart
DA:11,1
DA:13,1
DA:15,3
LF:3
LH:3
end_of_record
SF:lib\features\text_recognition\data\datasources\text_recognition_data_source.dart
DA:13,1
DA:17,1
DA:20,4
DA:21,2
DA:24,1
DA:25,2
LF:6
LH:6
end_of_record
SF:lib\features\text_recognition\data\models\text_recognition_model.dart
DA:4,3
LF:1
LH:1
end_of_record
SF:lib\features\text_recognition\domain\entities\text_recognition_entity.dart
DA:4,4
LF:1
LH:1
end_of_record
SF:lib\features\text_recognition\domain\usecases\get_recognized_text_usecase.dart
DA:13,1
DA:15,1
DA:18,3
LF:3
LH:3
end_of_record
SF:lib\features\text_recognition\domain\usecases\params\text_recognition_params.dart
DA:6,1
DA:8,0
DA:9,0
LF:3
LH:1
end_of_record
SF:lib\features\user_preferences\data\data_sources\user_preferences_data_source.dart
DA:13,1
DA:15,1
DA:17,1
DA:18,2
DA:21,1
DA:24,2
DA:25,1
LF:7
LH:7
end_of_record
SF:lib\features\user_preferences\data\models\user_preferences_model.dart
DA:7,7
DA:12,2
DA:14,2
DA:15,2
DA:16,2
DA:19,2
DA:20,4
DA:21,4
DA:24,0
DA:28,0
DA:29,0
DA:30,0
LF:12
LH:8
end_of_record
SF:lib\features\user_preferences\domain\entities\user_preferences_entity.dart
DA:7,8
DA:10,3
DA:11,9
LF:3
LH:3
end_of_record
SF:lib\features\user_preferences\domain\usecases\get_user_preference.dart
DA:11,1
DA:13,1
DA:15,2
LF:3
LH:3
end_of_record
SF:lib\features\user_preferences\domain\usecases\params\user_preferences_params.dart
DA:7,2
DA:9,1
DA:10,2
LF:3
LH:3
end_of_record
SF:lib\features\user_preferences\domain\usecases\update_user_preferences.dart
DA:11,1
DA:13,1
DA:15,3
LF:3
LH:3
end_of_record
SF:lib\features\text_recognition\data\repositories\text_recognition_repository_impl.dart
DA:12,1
DA:14,1
DA:17,3
LF:3
LH:3
end_of_record
SF:lib\core\error\auth\failures_auth.dart
LF:0
LH:0
end_of_record
SF:lib\core\error\util\camera_controller\failure_camera_controller.dart
LF:0
LH:0
end_of_record
SF:lib\core\error\util\gallery_controller\failure_galery_controller.dart
LF:0
LH:0
end_of_record
SF:lib\features\authentication\data\repositories\auth_repository_impl.dart
DA:21,2
DA:27,1
DA:29,2
DA:32,3
DA:33,2
DA:34,1
DA:35,1
DA:36,2
DA:37,1
DA:38,2
DA:39,1
DA:40,2
DA:43,2
DA:47,1
DA:49,2
DA:50,2
DA:51,3
DA:52,0
DA:55,1
DA:56,1
DA:57,1
DA:58,1
DA:59,1
DA:60,2
DA:61,1
DA:62,1
DA:63,2
DA:64,1
DA:65,2
DA:66,1
DA:67,2
DA:72,0
DA:74,0
DA:75,0
DA:87,0
DA:89,0
DA:91,0
DA:93,0
DA:94,0
DA:95,0
DA:96,0
DA:97,0
DA:98,0
DA:101,0
DA:105,0
DA:106,0
DA:107,0
DA:108,0
DA:109,0
DA:110,0
DA:113,0
DA:116,0
DA:120,0
DA:123,0
DA:127,0
DA:129,0
DA:131,0
DA:132,0
DA:133,0
DA:136,0
DA:139,0
DA:143,0
DA:145,0
DA:146,0
DA:150,0
DA:151,0
DA:152,0
DA:153,0
LF:68
LH:30
end_of_record
SF:lib\features\authentication\data\models\first_page_model.dart
DA:4,8
LF:1
LH:1
end_of_record
SF:lib\features\authentication\presentation\bloc\authentication\auth_state.dart
DA:4,1
DA:5,1
DA:30,0
DA:31,0
DA:32,0
LF:5
LH:2
end_of_record
SF:lib\features\authentication\presentation\bloc\authentication\auth_bloc.dart
DA:39,1
DA:47,2
DA:48,3
DA:51,1
DA:53,1
DA:54,0
DA:55,0
DA:56,0
DA:57,0
DA:58,0
DA:59,0
DA:60,0
DA:61,0
DA:64,1
DA:65,2
DA:67,4
DA:68,3
DA:69,0
DA:70,0
DA:72,0
DA:73,0
DA:74,0
DA:75,0
DA:76,0
DA:77,0
DA:78,0
DA:79,0
DA:80,0
DA:82,0
DA:83,0
DA:84,0
DA:85,0
DA:86,0
DA:87,0
DA:88,0
DA:89,0
DA:90,0
DA:91,0
DA:95,1
DA:96,1
DA:97,0
DA:98,1
DA:102,0
DA:103,0
DA:104,0
DA:106,0
DA:108,0
DA:110,0
DA:112,0
DA:114,0
DA:116,0
DA:118,0
DA:120,0
DA:127,0
DA:129,0
DA:130,0
LF:56
LH:12
end_of_record
SF:lib\features\authentication\presentation\bloc\authentication\auth_event.dart
DA:4,0
DA:5,0
DA:20,1
DA:21,0
DA:22,0
DA:27,0
DA:28,0
DA:29,0
LF:8
LH:1
end_of_record
SF:lib\config\router\router.dart
DA:24,0
DA:25,0
DA:26,0
DA:29,0
DA:30,0
DA:31,0
DA:32,0
DA:33,0
DA:34,0
DA:36,0
DA:39,0
DA:40,0
DA:42,0
DA:44,0
DA:48,0
DA:51,0
DA:52,0
DA:53,0
DA:54,0
LF:19
LH:0
end_of_record
SF:lib\features\authentication\presentation\pages\auth\auth_navigation_screen.dart
DA:10,6
DA:12,0
DA:14,0
DA:15,0
LF:4
LH:1
end_of_record
SF:lib\features\authentication\presentation\pages\auth\sign_in_page.dart
DA:11,6
DA:13,0
DA:14,0
DA:18,0
DA:20,0
DA:21,0
DA:22,0
DA:23,0
DA:24,0
DA:25,0
DA:28,0
DA:29,0
LF:12
LH:1
end_of_record
SF:lib\features\authentication\presentation\pages\auth\sign_up_page.dart
DA:12,6
DA:14,0
DA:15,0
DA:19,0
DA:21,0
DA:22,0
DA:23,0
DA:24,0
DA:25,0
DA:27,0
DA:29,0
DA:30,0
LF:12
LH:1
end_of_record
SF:lib\features\authentication\presentation\pages\auth\verify_email.dart
DA:11,0
DA:13,0
DA:14,0
DA:18,0
DA:20,0
DA:21,0
DA:24,0
DA:26,0
DA:27,0
DA:28,0
DA:29,0
DA:30,0
DA:31,0
DA:32,0
DA:49,0
DA:50,0
DA:51,0
DA:52,0
DA:55,0
DA:56,0
DA:57,0
DA:58,0
DA:59,0
DA:62,0
DA:63,0
DA:64,0
DA:74,0
DA:76,0
DA:78,0
DA:79,0
DA:80,0
DA:81,0
LF:32
LH:0
end_of_record
SF:lib\features\food_preferences\presentation\pages\food_preferences_page.dart
DA:12,6
DA:14,0
DA:16,0
DA:17,0
DA:18,0
DA:21,0
DA:22,0
DA:24,0
DA:25,0
DA:26,0
DA:29,0
DA:30,0
DA:31,0
DA:32,0
DA:35,0
DA:36,0
DA:37,0
DA:38,0
DA:39,0
DA:40,0
DA:42,0
LF:21
LH:1
end_of_record
SF:lib\features\other\page\home\home_navigation_page.dart
DA:9,6
DA:11,0
DA:12,0
DA:34,0
DA:36,0
DA:37,0
DA:43,0
DA:44,0
DA:45,0
DA:47,0
DA:48,0
DA:49,0
DA:50,0
DA:53,0
LF:14
LH:1
end_of_record
SF:lib\features\other\page\home\home_page.dart
DA:6,6
DA:8,0
DA:9,0
DA:13,0
DA:15,0
DA:16,0
LF:6
LH:1
end_of_record
SF:lib\features\other\page\home\menu_navigation_page.dart
DA:6,6
DA:8,0
LF:2
LH:1
end_of_record
SF:lib\features\text_recognition\presentation\pages\result_pafe.dart
DA:10,0
DA:12,0
DA:13,0
DA:14,0
DA:17,0
LF:5
LH:0
end_of_record
SF:lib\features\other\page\home\scanner_page.dart
DA:12,6
DA:14,0
DA:16,0
DA:17,0
DA:18,0
DA:19,0
LF:6
LH:1
end_of_record
SF:lib\features\camera_controller\presentation\page\camera_page.dart
DA:15,6
DA:17,0
DA:18,0
DA:24,0
DA:26,0
DA:27,0
DA:28,0
DA:31,0
DA:33,0
DA:34,0
DA:35,0
DA:39,0
DA:40,0
DA:41,0
DA:42,0
DA:43,0
DA:44,0
DA:45,0
DA:46,0
DA:47,0
DA:49,0
DA:51,0
DA:52,0
DA:53,0
DA:56,0
DA:57,0
DA:58,0
DA:60,0
DA:61,0
DA:62,0
DA:64,0
DA:65,0
DA:66,0
DA:71,0
DA:72,0
DA:73,0
DA:74,0
DA:75,0
DA:76,0
DA:77,0
LF:40
LH:1
end_of_record
SF:lib\features\user_data\presentation\pages\profile_page.dart
DA:15,6
DA:17,0
DA:18,0
DA:22,0
DA:24,0
DA:25,0
DA:26,0
DA:27,0
DA:28,0
DA:29,0
DA:30,0
DA:31,0
DA:35,0
DA:36,0
DA:37,0
DA:38,0
DA:39,0
DA:43,0
LF:18
LH:1
end_of_record
SF:lib\features\other\page\menu\user_menu_page.dart
DA:8,6
DA:10,0
DA:11,0
DA:15,0
DA:17,0
DA:18,0
DA:19,0
DA:21,0
DA:22,0
DA:28,0
DA:29,0
DA:34,0
DA:35,0
DA:36,0
DA:38,0
DA:39,0
DA:40,0
LF:17
LH:1
end_of_record
SF:lib\features\user_preferences\presentation\page\user_preferences_page.dart
DA:12,6
DA:14,0
DA:16,0
DA:17,0
DA:18,0
DA:21,0
DA:22,0
DA:24,0
DA:25,0
DA:26,0
DA:29,0
DA:30,0
DA:31,0
DA:32,0
DA:35,0
DA:36,0
DA:37,0
DA:38,0
DA:39,0
DA:40,0
DA:42,0
DA:43,0
DA:44,0
DA:45,0
DA:46,0
LF:25
LH:1
end_of_record
SF:lib\config\theme\app_theme.dart
DA:6,0
DA:22,0
DA:31,0
DA:33,0
DA:35,0
DA:36,0
DA:37,0
LF:7
LH:0
end_of_record
SF:lib\core\util\diet_controller\diet_dictionary.dart
DA:20,0
DA:22,0
DA:24,0
DA:25,0
DA:26,0
DA:27,0
DA:28,0
DA:29,0
DA:30,0
DA:31,0
DA:32,0
DA:33,0
DA:34,0
DA:35,0
DA:41,0
DA:42,0
DA:44,0
DA:45,0
DA:47,0
DA:48,0
DA:50,0
DA:51,0
DA:53,0
DA:54,0
DA:56,0
DA:57,0
DA:59,0
DA:60,0
LF:28
LH:0
end_of_record
SF:lib\core\util\gallery_controller\data\repositories\gallery_controller_repository_impl.dart
DA:16,1
DA:17,1
DA:20,3
DA:21,0
DA:22,0
DA:26,0
DA:29,0
DA:30,0
DA:31,0
LF:9
LH:3
end_of_record
SF:lib\core\widgets\loading_widget.dart
DA:7,30
DA:9,0
DA:11,0
DA:13,0
DA:14,0
DA:17,0
LF:6
LH:1
end_of_record
SF:lib\injection_container.dart
DA:63,0
DA:65,0
DA:69,0
DA:70,0
DA:71,0
DA:72,0
DA:73,0
DA:74,0
DA:75,0
DA:76,0
DA:79,0
DA:80,0
DA:81,0
DA:82,0
DA:83,0
DA:84,0
DA:85,0
DA:88,0
DA:89,0
DA:90,0
DA:93,0
DA:94,0
DA:99,0
DA:100,0
DA:103,0
DA:104,0
DA:107,0
DA:108,0
DA:111,0
DA:112,0
DA:117,0
DA:118,0
DA:121,0
DA:122,0
DA:125,0
DA:126,0
DA:127,0
DA:130,0
DA:131,0
DA:132,0
DA:133,0
DA:138,0
DA:139,0
DA:142,0
DA:145,0
DA:146,0
DA:149,0
DA:150,0
DA:155,0
DA:156,0
DA:159,0
DA:160,0
DA:161,0
DA:164,0
DA:165,0
DA:166,0
DA:167,0
DA:170,0
DA:171,0
DA:172,0
DA:173,0
DA:178,0
DA:181,0
DA:182,0
DA:185,0
DA:186,0
DA:191,0
DA:192,0
DA:193,0
DA:194,0
DA:195,0
DA:198,0
DA:199,0
DA:200,0
DA:201,0
DA:204,0
DA:205,0
DA:208,0
DA:209,0
DA:210,0
DA:214,0
DA:219,0
DA:220,0
DA:223,0
DA:226,0
DA:227,0
DA:230,0
DA:233,0
DA:238,0
DA:241,0
LF:90
LH:0
end_of_record
SF:lib\features\user_data\presentation\bloc\user_data_event.dart
DA:4,6
DA:6,0
DA:7,0
DA:11,6
DA:15,0
DA:16,0
DA:20,0
DA:24,0
DA:25,0
LF:9
LH:2
end_of_record
SF:lib\features\user_data\presentation\bloc\user_data_state.dart
DA:4,0
DA:6,0
DA:7,0
DA:17,0
DA:19,0
DA:20,0
DA:30,0
DA:32,0
DA:33,0
LF:9
LH:0
end_of_record
SF:lib\features\user_data\presentation\bloc\user_data_bloc.dart
DA:27,0
DA:31,0
DA:32,0
DA:35,0
DA:37,0
DA:39,0
DA:40,0
DA:42,0
DA:45,0
DA:47,0
DA:48,0
DA:50,0
DA:51,0
DA:52,0
DA:56,0
DA:57,0
DA:58,0
DA:59,0
DA:62,0
DA:64,0
DA:65,0
DA:66,0
DA:69,0
DA:71,0
DA:72,0
DA:73,0
DA:76,0
DA:77,0
DA:78,0
DA:80,0
DA:87,0
DA:89,0
DA:90,0
LF:33
LH:0
end_of_record
SF:lib\features\authentication\presentation\widgets\auth\sign_in_form.dart
DA:14,6
DA:16,0
DA:17,0
DA:26,0
DA:28,0
DA:30,0
DA:31,0
DA:32,0
DA:34,0
DA:35,0
DA:37,0
DA:38,0
DA:39,0
DA:40,0
DA:41,0
DA:42,0
DA:47,0
DA:48,0
DA:49,0
DA:50,0
DA:51,0
DA:52,0
DA:54,0
DA:55,0
DA:56,0
DA:57,0
DA:61,0
DA:62,0
DA:63,0
DA:64,0
DA:65,0
DA:67,0
DA:68,0
DA:70,0
DA:75,0
DA:76,0
DA:78,0
DA:83,0
DA:91,0
DA:92,0
DA:93,0
DA:94,0
DA:95,0
DA:100,0
DA:101,0
LF:45
LH:1
end_of_record
SF:lib\features\authentication\presentation\widgets\auth\sign_up_form.dart
DA:14,6
DA:16,0
DA:17,0
DA:28,0
DA:30,0
DA:31,0
DA:32,0
DA:33,0
DA:34,0
DA:36,0
DA:38,0
DA:39,0
DA:40,0
DA:42,0
DA:43,0
DA:45,0
DA:47,0
DA:48,0
DA:49,0
DA:50,0
DA:51,0
DA:52,0
DA:57,0
DA:58,0
DA:59,0
DA:60,0
DA:63,0
DA:64,0
DA:65,0
DA:66,0
DA:68,0
DA:69,0
DA:71,0
DA:72,0
DA:74,0
DA:75,0
DA:76,0
DA:77,0
DA:79,0
DA:80,0
DA:81,0
DA:86,0
DA:87,0
DA:89,0
DA:93,0
DA:94,0
DA:96,0
DA:101,0
DA:109,0
DA:110,0
DA:113,0
DA:114,0
LF:52
LH:1
end_of_record
SF:lib\features\authentication\presentation\widgets\auth\auth_buttons.dart
DA:9,0
DA:16,0
DA:18,0
DA:19,0
DA:20,0
DA:21,0
DA:24,0
DA:25,0
DA:26,0
DA:27,0
DA:30,0
DA:31,0
DA:33,0
DA:41,0
DA:43,0
DA:45,0
DA:46,0
DA:47,0
DA:48,0
DA:49,0
DA:50,0
DA:51,0
DA:54,0
DA:55,0
DA:57,0
LF:25
LH:0
end_of_record
SF:lib\features\authentication\presentation\widgets\auth\auth_fields.dart
DA:8,0
DA:10,0
DA:12,0
DA:14,0
DA:15,0
DA:25,0
DA:26,0
DA:39,0
DA:41,0
DA:43,0
DA:45,0
DA:46,0
DA:56,0
DA:57,0
DA:59,0
DA:74,0
DA:81,0
DA:83,0
DA:85,0
DA:86,0
DA:87,0
DA:88,0
DA:95,0
DA:96,0
DA:97,0
DA:100,0
DA:103,0
DA:104,0
DA:106,0
DA:121,0
DA:128,0
DA:130,0
DA:132,0
DA:133,0
DA:134,0
DA:143,0
DA:144,0
DA:146,0
LF:38
LH:0
end_of_record
SF:lib\features\authentication\presentation\widgets\auth\helpers.dart
DA:7,12
DA:9,0
DA:11,0
DA:13,0
DA:15,0
DA:16,0
DA:20,0
DA:21,0
DA:22,0
DA:24,0
DA:25,0
DA:38,6
DA:40,0
DA:42,0
DA:44,0
DA:46,0
DA:47,0
DA:56,6
DA:58,0
DA:60,0
DA:62,0
DA:64,0
DA:65,0
LF:23
LH:3
end_of_record
SF:lib\features\camera_controller\data\datasource\camera_controller_data_source.dart
DA:16,0
DA:20,0
DA:22,0
DA:25,0
DA:27,0
DA:28,0
DA:29,0
DA:31,0
DA:35,0
DA:37,0
DA:38,0
DA:41,0
DA:43,0
DA:49,0
DA:50,0
DA:51,0
DA:54,0
DA:57,0
DA:58,0
DA:60,0
DA:61,0
LF:21
LH:0
end_of_record
SF:lib\features\camera_controller\data\repository\camera_controller_repository_impl.dart
DA:10,0
DA:13,0
DA:17,0
DA:18,0
DA:19,0
DA:23,0
DA:26,0
DA:27,0
DA:28,0
DA:32,0
DA:35,0
DA:36,0
DA:37,0
DA:41,0
DA:44,0
DA:45,0
DA:46,0
LF:17
LH:0
end_of_record
SF:lib\features\camera_controller\domain\usecase\change_camera_flash.dart
DA:10,0
DA:12,0
DA:14,0
LF:3
LH:0
end_of_record
SF:lib\features\camera_controller\domain\usecase\params\camera_params.dart
DA:6,0
DA:8,0
DA:9,0
LF:3
LH:0
end_of_record
SF:lib\features\camera_controller\domain\usecase\dispose_camera_controller.dart
DA:9,0
DA:11,0
DA:13,0
LF:3
LH:0
end_of_record
SF:lib\features\camera_controller\domain\usecase\init_camera_controller.dart
DA:11,0
DA:13,0
DA:15,0
LF:3
LH:0
end_of_record
SF:lib\features\camera_controller\domain\usecase\take_picture_from_camera.dart
DA:10,0
DA:12,0
DA:14,0
LF:3
LH:0
end_of_record
SF:lib\features\camera_controller\presentation\bloc\camera_controller_state.dart
DA:4,0
DA:6,0
DA:7,0
DA:17,0
DA:19,0
DA:20,0
DA:26,0
DA:28,0
DA:29,0
DA:39,0
DA:41,0
DA:42,0
LF:12
LH:0
end_of_record
SF:lib\features\camera_controller\presentation\bloc\camera_controller_event.dart
DA:4,0
DA:6,0
DA:7,0
DA:13,0
DA:15,0
DA:16,0
DA:26,0
DA:30,0
DA:31,0
LF:9
LH:0
end_of_record
SF:lib\features\camera_controller\presentation\bloc\camera_controller_bloc.dart
DA:28,0
DA:33,0
DA:34,0
DA:35,0
DA:38,0
DA:40,0
DA:41,0
DA:42,0
DA:43,0
DA:45,0
DA:46,0
DA:47,0
DA:49,0
DA:50,0
DA:51,0
DA:53,0
DA:54,0
DA:55,0
DA:56,0
DA:60,0
DA:62,0
DA:63,0
DA:64,0
DA:65,0
DA:66,0
DA:69,0
DA:70,0
DA:71,0
DA:72,0
DA:73,0
DA:76,0
DA:78,0
DA:79,0
DA:80,0
DA:81,0
DA:84,0
DA:86,0
DA:87,0
DA:88,0
DA:89,0
DA:92,0
DA:93,0
DA:94,0
DA:101,0
DA:103,0
DA:104,0
LF:46
LH:0
end_of_record
SF:lib\features\camera_controller\presentation\widgets\camera_display_controller.dart
DA:13,0
DA:16,0
DA:17,0
DA:25,0
DA:27,0
DA:28,0
DA:29,0
DA:32,0
DA:34,0
DA:35,0
DA:38,0
DA:40,0
DA:41,0
DA:42,0
DA:43,0
DA:44,0
DA:45,0
DA:46,0
DA:47,0
DA:52,0
DA:54,0
DA:55,0
DA:56,0
DA:57,0
DA:58,0
DA:59,0
DA:60,0
DA:61,0
DA:62,0
DA:63,0
DA:64,0
DA:65,0
DA:67,0
DA:68,0
DA:69,0
DA:70,0
DA:72,0
DA:73,0
DA:74,0
DA:75,0
DA:76,0
DA:77,0
DA:83,0
DA:85,0
DA:86,0
DA:87,0
DA:89,0
DA:90,0
DA:91,0
DA:98,0
DA:99,0
DA:100,0
DA:101,0
DA:102,0
DA:103,0
DA:107,0
DA:108,0
DA:111,0
DA:112,0
DA:113,0
DA:116,0
DA:117,0
DA:118,0
DA:121,0
DA:122,0
DA:124,0
DA:126,0
DA:127,0
DA:128,0
DA:129,0
DA:134,0
DA:136,0
DA:150,0
DA:151,0
DA:158,0
DA:159,0
DA:161,0
DA:163,0
DA:165,0
DA:166,0
DA:167,0
DA:174,0
DA:175,0
DA:176,0
DA:189,0
DA:190,0
DA:192,0
DA:194,0
DA:196,0
DA:197,0
DA:198,0
LF:91
LH:0
end_of_record
SF:lib\features\user_preferences\presentation\bloc\user_preferences_state.dart
DA:4,1
DA:6,1
DA:7,1
DA:17,1
DA:21,1
DA:22,2
DA:30,1
DA:34,1
DA:35,2
LF:9
LH:9
end_of_record
SF:lib\features\user_preferences\presentation\bloc\user_preferences_event.dart
DA:4,14
DA:6,0
DA:7,0
DA:11,14
DA:15,0
DA:16,0
DA:22,1
DA:24,0
DA:25,0
LF:9
LH:3
end_of_record
SF:lib\features\user_preferences\presentation\bloc\user_preferences_bloc.dart
DA:26,1
DA:29,2
DA:30,1
DA:31,2
DA:34,1
DA:36,1
DA:38,3
DA:39,2
DA:41,2
DA:44,1
DA:45,2
DA:46,2
DA:47,2
DA:51,1
DA:52,1
DA:53,1
DA:54,2
DA:55,2
DA:58,1
DA:60,1
DA:61,1
DA:62,2
DA:63,2
DA:66,1
DA:67,1
DA:68,1
DA:75,0
DA:77,0
DA:78,0
LF:29
LH:26
end_of_record
SF:lib\features\text_recognition\presentation\bloc\text_recognition_state.dart
DA:4,0
DA:6,0
DA:7,0
DA:17,0
DA:19,0
DA:20,0
DA:26,0
DA:28,0
DA:29,0
LF:9
LH:0
end_of_record
SF:lib\features\text_recognition\presentation\bloc\text_recognition_event.dart
DA:4,0
DA:6,0
DA:7,0
DA:11,0
DA:15,0
DA:16,0
DA:20,0
DA:24,0
DA:25,0
LF:9
LH:0
end_of_record
SF:lib\features\text_recognition\presentation\bloc\text_recognition_bloc.dart
DA:26,0
DA:28,0
DA:29,0
DA:30,0
DA:33,0
DA:35,0
DA:36,0
DA:38,0
DA:39,0
DA:41,0
DA:42,0
DA:44,0
DA:45,0
DA:46,0
DA:47,0
DA:48,0
DA:50,0
DA:51,0
DA:56,0
DA:58,0
DA:59,0
DA:60,0
DA:61,0
DA:62,0
DA:65,0
DA:66,0
DA:67,0
DA:74,0
DA:76,0
DA:77,0
LF:30
LH:0
end_of_record
SF:lib\features\camera_controller\presentation\widgets\camera_display.dart
DA:5,0
DA:8,0
DA:10,0
DA:11,0
DA:12,0
DA:13,0
DA:14,0
DA:16,0
DA:18,0
LF:9
LH:0
end_of_record
SF:lib\features\camera_controller\presentation\widgets\permisson_denied_display.dart
DA:4,6
DA:6,0
DA:8,0
DA:9,0
LF:4
LH:1
end_of_record
SF:lib\features\camera_controller\presentation\widgets\camera_failure_display.dart
DA:7,0
DA:10,0
DA:12,0
DA:13,0
DA:15,0
DA:16,0
DA:17,0
DA:18,0
LF:8
LH:0
end_of_record
SF:lib\features\food_preferences\data\repositories\food_preferences_repository_impl.dart
DA:19,1
DA:24,1
DA:26,3
DA:29,1
DA:32,2
LF:5
LH:5
end_of_record
SF:lib\features\food_preferences\presentation\bloc\food_preferences_bloc.dart
DA:25,1
DA:27,2
DA:28,1
DA:29,2
DA:32,1
DA:34,1
DA:36,3
DA:37,2
DA:39,2
DA:42,1
DA:43,2
DA:44,2
DA:45,2
DA:49,1
DA:50,1
DA:51,1
DA:52,2
DA:53,1
DA:54,1
DA:57,1
DA:59,1
DA:60,1
DA:61,2
DA:62,2
DA:65,1
DA:66,1
DA:72,0
DA:74,0
DA:75,0
LF:29
LH:26
end_of_record
SF:lib\features\food_preferences\presentation\bloc\food_preferences_state.dart
DA:4,2
DA:6,1
DA:7,1
DA:17,2
DA:19,1
DA:20,2
DA:28,1
DA:30,1
DA:31,2
LF:9
LH:9
end_of_record
SF:lib\features\food_preferences\presentation\bloc\food_preferences_event.dart
DA:4,14
DA:6,0
DA:7,0
DA:11,14
DA:15,0
DA:16,0
DA:20,1
DA:24,0
DA:25,0
LF:9
LH:3
end_of_record
SF:lib\features\food_preferences\presentation\widgets\food_preferences_list_view.dart
DA:10,0
DA:12,0
DA:14,0
DA:18,0
DA:20,0
DA:21,0
DA:22,0
DA:23,0
DA:25,0
DA:26,0
DA:27,0
DA:29,0
DA:31,0
DA:32,0
DA:33,0
DA:35,0
DA:37,0
DA:38,0
DA:39,0
DA:41,0
DA:43,0
DA:44,0
DA:45,0
DA:47,0
DA:49,0
DA:50,0
DA:51,0
DA:52,0
DA:54,0
DA:56,0
DA:57,0
DA:58,0
DA:59,0
DA:65,0
DA:66,0
DA:67,0
DA:70,0
DA:71,0
DA:72,0
DA:73,0
DA:74,0
DA:75,0
DA:76,0
DA:77,0
DA:78,0
LF:45
LH:0
end_of_record
SF:lib\features\text_recognition\presentation\widgets\result_display.dart
DA:12,0
DA:17,0
DA:19,0
DA:22,0
DA:23,0
DA:25,0
DA:26,0
DA:27,0
DA:30,0
DA:31,0
DA:33,0
DA:34,0
DA:35,0
DA:36,0
DA:38,0
DA:39,0
DA:42,0
DA:49,0
DA:50,0
DA:52,0
DA:55,0
DA:56,0
DA:57,0
DA:58,0
DA:59,0
DA:60,0
DA:61,0
DA:62,0
DA:64,0
LF:29
LH:0
end_of_record
SF:lib\features\user_data\data\datasources\local\local_user_data_data_source.dart
DA:19,0
DA:21,0
DA:23,0
DA:25,0
DA:27,0
DA:31,0
DA:33,0
DA:34,0
DA:35,0
LF:9
LH:0
end_of_record
SF:lib\features\user_data\data\models\user_data_model.dart
DA:8,0
DA:14,0
DA:15,0
DA:17,0
LF:4
LH:0
end_of_record
SF:lib\features\user_data\data\models\user_data_model.g.dart
DA:9,0
DA:10,0
DA:11,0
DA:12,0
DA:13,0
DA:16,0
DA:17,0
DA:18,0
DA:19,0
DA:20,0
LF:10
LH:0
end_of_record
SF:lib\features\user_data\data\datasources\remote\remote_user_data_data_source.dart
DA:21,0
DA:23,0
DA:24,0
DA:25,0
DA:26,0
DA:27,0
DA:28,0
DA:31,0
DA:33,0
DA:34,0
DA:35,0
DA:37,0
DA:41,0
DA:43,0
DA:45,0
DA:48,0
DA:52,0
DA:54,0
DA:56,0
DA:57,0
DA:58,0
DA:59,0
DA:61,0
DA:64,0
LF:24
LH:0
end_of_record
SF:lib\features\user_data\domain\entities\user_data_entity.dart
DA:8,0
DA:14,0
DA:15,0
DA:16,0
DA:17,0
DA:18,0
LF:6
LH:0
end_of_record
SF:lib\features\user_data\data\repositories\user_data_repository_impl.dart
DA:20,0
DA:25,0
DA:27,0
DA:29,0
DA:30,0
DA:31,0
DA:32,0
DA:33,0
DA:37,0
DA:38,0
DA:39,0
DA:44,0
DA:47,0
DA:49,0
DA:50,0
DA:51,0
DA:54,0
DA:58,0
DA:60,0
DA:62,0
DA:63,0
DA:64,0
DA:67,0
LF:23
LH:0
end_of_record
SF:lib\features\user_data\domain\usecases\add_google_user_data.dart
DA:10,0
DA:12,0
DA:14,0
LF:3
LH:0
end_of_record
SF:lib\features\user_data\domain\usecases\add_update_user_data.dart
DA:11,0
DA:13,0
DA:15,0
LF:3
LH:0
end_of_record
SF:lib\features\user_data\domain\usecases\params\user_data_params.dart
DA:7,0
DA:9,0
DA:10,0
LF:3
LH:0
end_of_record
SF:lib\features\user_data\domain\usecases\get_user_data.dart
DA:12,0
DA:14,0
DA:16,0
LF:3
LH:0
end_of_record
SF:lib\features\user_data\presentation\widgets\profile_display.dart
DA:9,0
DA:13,0
DA:14,0
DA:18,0
DA:20,0
DA:21,0
DA:22,0
DA:23,0
DA:27,0
DA:28,0
DA:29,0
DA:30,0
DA:33,0
DA:34,0
DA:43,0
DA:44,0
DA:45,0
DA:46,0
DA:47,0
DA:50,0
DA:52,0
DA:54,0
DA:55,0
DA:62,0
DA:63,0
DA:70,0
DA:71,0
DA:73,0
LF:28
LH:0
end_of_record
SF:lib\features\user_preferences\data\repositories\user_preferences_repository_imp.dart
DA:15,1
DA:17,1
DA:20,2
DA:21,1
DA:22,1
DA:23,2
DA:27,1
DA:31,2
DA:33,1
DA:34,2
LF:10
LH:10
end_of_record
SF:lib\features\user_preferences\presentation\widgets\failure_message.dart
DA:7,0
DA:10,0
DA:12,0
DA:13,0
DA:14,0
DA:17,0
DA:18,0
DA:23,0
DA:24,0
LF:9
LH:0
end_of_record
SF:lib\features\user_preferences\presentation\widgets\user_preferences_list_view.dart
DA:9,0
DA:11,0
DA:13,0
DA:17,0
DA:19,0
DA:20,0
DA:21,0
DA:22,0
DA:24,0
DA:25,0
DA:26,0
DA:29,0
DA:31,0
DA:32,0
DA:33,0
DA:41,0
DA:42,0
DA:43,0
DA:46,0
DA:47,0
DA:48,0
DA:49,0
LF:22
LH:0
end_of_record
